<?xml version="1.0" encoding="UTF-8" ?>
<testsuite tests="2" failures="2" name="fr.univavignon.pokedex.api.IPokedexTest" time="0.018" errors="0" skipped="0">
  <properties>
[...]
</properties>
  <testcase classname="fr.univavignon.pokedex.api.IPokedexTest" name="fr.univavignon.pokedex.api.IPokedexTest.testSize" time="0.018">
    <failure message="
Integer cannot be returned by createPokedex()
createPokedex() should return IPokedex
***
If you&apos;re unsure why you&apos;re getting above error read on.
Due to the nature of the syntax above problem might occur because:
1. This exception *might* occur in wrongly written multi-threaded tests.
   Please refer to Mockito FAQ on limitations of concurrency testing.
2. A spy is stubbed using when(spy.foo()).then() syntax. It is safer to stub spies - 
   - with doReturn|Throw() family of methods. More in javadocs for Mockito.spy() method.
" type="org.mockito.exceptions.misusing.WrongTypeOfReturnValue">org.mockito.exceptions.misusing.WrongTypeOfReturnValue: 
Integer cannot be returned by createPokedex()
createPokedex() should return IPokedex
***
If you&apos;re unsure why you&apos;re getting above error read on.
Due to the nature of the syntax above problem might occur because:
1. This exception *might* occur in wrongly written multi-threaded tests.
   Please refer to Mockito FAQ on limitations of concurrency testing.
2. A spy is stubbed using when(spy.foo()).then() syntax. It is safer to stub spies - 
   - with doReturn|Throw() family of methods. More in javadocs for Mockito.spy() method.

	at fr.univavignon.pokedex.api.IPokedexTest.testSize(IPokedexTest.java:41)
</failure>
  </testcase>
  <testcase classname="fr.univavignon.pokedex.api.IPokedexTest" name="fr.univavignon.pokedex.api.IPokedexTest.testAddPokemon" time="0">
    <failure message="
when() requires an argument which has to be &apos;a method call on a mock&apos;.
For example:
    when(mock.getArticles()).thenReturn(articles);

Also, this error might show up because:
1. you stub either of: final/private/equals()/hashCode() methods.
   Those methods *cannot* be stubbed/verified.
   Mocking methods declared on non-public parent classes is not supported.
2. inside when() you don&apos;t call method on mock but on some other object.
" type="org.mockito.exceptions.misusing.MissingMethodInvocationException">org.mockito.exceptions.misusing.MissingMethodInvocationException: 
when() requires an argument which has to be &apos;a method call on a mock&apos;.
For example:
    when(mock.getArticles()).thenReturn(articles);
Also, this error might show up because:
1. you stub either of: final/private/equals()/hashCode() methods.
   Those methods *cannot* be stubbed/verified.
   Mocking methods declared on non-public parent classes is not supported.
2. inside when() you don&apos;t call method on mock but on some other object.

	at fr.univavignon.pokedex.api.IPokedexTest.testAddPokemon(IPokedexTest.java:54)
</failure>
  </testcase>
</testsuite>